[     148ms] [ERROR] Failed to load resource: the server responded with a status of 404 () @ https://fonts.vercel.com/font/geist/geist.css:0
[    1432ms] [INFO] %cDownload the React DevTools for a better development experience: https://reactjs.org/link/react-devtools font-weight:bold @ http://localhost:3301/node_modules/.vite/deps/react-dom-Cw4dxlaS.js?v=e192574d:17202
[    2077ms] [ERROR] Warning: [antd: Spin] `tip` only work in nest pattern. @ http://localhost:3301/node_modules/.vite/deps/es-DzajZ8FJ.js?v=e192574d:43
[    2128ms] [ERROR] Failed to load resource: the server responded with a status of 404 (Not Found) @ http://localhost:3301/api/v3/licenses/active:0
[    2130ms] [ERROR] APIError: not found
    at ErrorResponseHandlerV2 (http://localhost:3301/src/api/ErrorResponseHandlerV2.ts:9:9)
    at Object.getActive [as queryFn] (http://localhost:3301/src/api/v3/licenses/active/get.ts:11:3) @ http://localhost:3301/node_modules/.vite/deps/react-query.js?v=e192574d:757
[    2710ms] [ERROR] Failed to load resource: the server responded with a status of 404 () @ https://api.github.com/repos/noirai/noirai/releases/latest:0
[    4176ms] [ERROR] Failed to load resource: the server responded with a status of 401 (Unauthorized) @ http://localhost:3301/api/v1/orgs/me/filters/logs:0
[    4179ms] [ERROR] Failed to load resource: the server responded with a status of 401 (Unauthorized) @ http://localhost:3301/api/v1/fields/keys?signal=logs&searchText=&metricName=&fieldContext=&fieldDataType=&source=:0
[    4179ms] [ERROR] Failed to load resource: the server responded with a status of 401 (Unauthorized) @ http://localhost:3301/api/v2/metrics?searchText=&limit=100:0
[    4245ms] [ERROR] Failed to load resource: the server responded with a status of 401 (Unauthorized) @ http://localhost:3301/api/v2/sessions/rotate:0
[    4247ms] [ERROR] APIError: failed to parse jwt token
    at ErrorResponseHandlerV2 (http://localhost:3301/src/api/ErrorResponseHandlerV2.ts:9:9)
    at post (http://localhost:3301/src/api/v2/sessions/rotate/post.ts:11:3) @ http://localhost:3301/node_modules/.vite/deps/react-query.js?v=e192574d:757
[    4250ms] [ERROR] AxiosError: Request failed with status code 401
    at settle (http://localhost:3301/node_modules/.vite/deps/axios.js?v=e192574d:1767:14)
    at XMLHttpRequest.onloadend (http://localhost:3301/node_modules/.vite/deps/axios.js?v=e192574d:2136:4) @ http://localhost:3301/node_modules/.vite/deps/react-query.js?v=e192574d:757
[   17829ms] [ERROR] client never received a response, or request never left @ http://localhost:3301/src/api/ErrorResponseHandler.ts:35
[   17830ms] [ERROR] Failed to load resource: net::ERR_NAME_NOT_RESOLVED @ https://cms.noirai.cloud/api/release-changelogs?filters[version][$eq]=0.0.0-dev&populate[features][sort]=sort_order:asc&populate[features][populate][media][fields]=id,ext,url,mime,alternativeText&populate[features][filters][deployment_type][$notIn]=Cloud%20only:0
