[     169ms] [ERROR] Failed to load resource: the server responded with a status of 404 () @ https://fonts.vercel.com/font/geist/geist.css:0
[    1456ms] [INFO] %cDownload the React DevTools for a better development experience: https://reactjs.org/link/react-devtools font-weight:bold @ http://localhost:3301/node_modules/.vite/deps/react-dom-Cw4dxlaS.js?v=c4298eeb:17202
[    2202ms] [ERROR] Warning: [antd: Spin] `tip` only work in nest pattern. @ http://localhost:3301/node_modules/.vite/deps/es-DzajZ8FJ.js?v=c4298eeb:43
[    2272ms] [ERROR] Failed to load resource: the server responded with a status of 404 (Not Found) @ http://localhost:3301/api/v3/licenses/active:0
[    2274ms] [ERROR] APIError: not found
    at ErrorResponseHandlerV2 (http://localhost:3301/src/api/ErrorResponseHandlerV2.ts:9:9)
    at Object.getActive [as queryFn] (http://localhost:3301/src/api/v3/licenses/active/get.ts:11:3) @ http://localhost:3301/node_modules/.vite/deps/react-query.js?v=5f7c6ffa:757
[    3091ms] [ERROR] Failed to load resource: the server responded with a status of 404 () @ https://api.github.com/repos/noirai/noirai/releases/latest:0
[    4150ms] [ERROR] Warning: validateDOMNesting(...): %s cannot appear as a child of <%s>.%s%s%s <div> thead   
    at div
    at HiddenText (http://localhost:3301/node_modules/.vite/deps/core.esm-DJuI2xVV.js?v=c4298eeb:10:8)
    at Accessibility (http://localhost:3301/node_modules/.vite/deps/core.esm-DJuI2xVV.js?v=c4298eeb:96:8)
    at DndContext$1 (http://localhost:3301/node_modules/.vite/deps/core.esm-DJuI2xVV.js?v=c4298eeb:1892:8)
    at thead
    at table
    at Table (http://localhost:3301/src/components/TanStackTableView/TanStackTable.tsx:342:13)
    at div
    at Viewport (http://localhost:3301/node_modules/.vite/deps/react-virtuoso.js?v=79dae579:2795:19)
    at div
    at VirtuosoScroller (http://localhost:3301/node_modules/.vite/deps/react-virtuoso.js?v=79dae579:2101:60)
    at TableVirtuosoRoot (http://localhost:3301/node_modules/.vite/deps/react-virtuoso.js?v=79dae579:2893:26)
    at http://localhost:3301/node_modules/.vite/deps/react-virtuoso.js?v=79dae579:329:11
    at Provider (http://localhost:3301/node_modules/.vite/deps/dist-DSnwNHlR.js?v=c4298eeb:36:12)
    at TooltipProvider$1 (http://localhost:3301/node_modules/.vite/deps/tooltip-provider-DiCOu-K7.js?v=c4298eeb:47:10)
    at TooltipProvider (http://localhost:3301/node_modules/.vite/deps/tooltip-provider-DiCOu-K7.js?v=c4298eeb:605:28)
    at TanStackTableStateProvider (http://localhost:3301/src/components/TanStackTableView/TanStackTableStateContext.tsx:50:46)
    at div
    at TanStackTableInner (http://localhost:3301/src/components/TanStackTableView/TanStackTable.tsx:43:31)
    at div
    at div
    at ListAlertRules (http://localhost:3301/src/container/ListAlertRules/index.tsx:34:19)
    at div
    at div
    at http://localhost:3301/node_modules/.vite/deps/es-NnLRLa-V.js?v=c4298eeb:11356:24
    at DomWrapper$2 (http://localhost:3301/node_modules/.vite/deps/es-DzajZ8FJ.js?v=c4298eeb:3592:4)
    at http://localhost:3301/node_modules/.vite/deps/es-DzajZ8FJ.js?v=c4298eeb:3950:30
    at div
    at div
    at TabPanelList (http://localhost:3301/node_modules/.vite/deps/es-NnLRLa-V.js?v=c4298eeb:11375:16)
    at div
    at Tabs (http://localhost:3301/node_modules/.vite/deps/es-NnLRLa-V.js?v=c4298eeb:12430:16)
    at Tabs (http://localhost:3301/node_modules/.vite/deps/antd.js?v=f52efa0e:10267:10)
    at AllAlertList (http://localhost:3301/src/pages/AlertList/index.tsx:22:19)
    at Route$1 (http://localhost:3301/node_modules/.vite/deps/react-router-dom-HIPMGTKR.js?v=c4298eeb:701:27)
    at Switch$1 (http://localhost:3301/node_modules/.vite/deps/react-router-dom-HIPMGTKR.js?v=c4298eeb:837:27)
    at Suspense
    at PreferenceContextProvider (http://localhost:3301/src/providers/preferences/context/PreferenceContextProvider.tsx:11:45)
    at div
    at P$1 (http://localhost:3301/node_modules/.vite/deps/styled-components.js?v=055041da:1009:4)
    at div
    at div
    at q (http://localhost:3301/node_modules/.vite/deps/overlayscrollbars-react.js?v=4ed17be4:2289:19)
    at TypicalOverlayScrollbar (http://localhost:3301/src/components/TypicalOverlayScrollbar/TypicalOverlayScrollbar.tsx:5:51)
    at OverlayScrollbar (http://localhost:3301/src/components/OverlayScrollbar/OverlayScrollbar.tsx:8:29)
    at main
    at http://localhost:3301/node_modules/.vite/deps/antd.js?v=f52efa0e:18455:21
    at Content
    at P$1 (http://localhost:3301/node_modules/.vite/deps/styled-components.js?v=055041da:1009:4)
    at ErrorBoundary (http://localhost:3301/node_modules/.vite/deps/@sentry_react.js?v=3956919e:21848:3)
    at div
    at div
    at http://localhost:3301/node_modules/.vite/deps/antd.js?v=f52efa0e:15918:21
    at div
    at http://localhost:3301/node_modules/.vite/deps/antd.js?v=f52efa0e:18471:37
    at Layout
    at P$1 (http://localhost:3301/node_modules/.vite/deps/styled-components.js?v=055041da:1009:4)
    at Provider (http://localhost:3301/node_modules/.vite/deps/dist-DSnwNHlR.js?v=c4298eeb:36:12)
    at TooltipProvider$1 (http://localhost:3301/node_modules/.vite/deps/tooltip-provider-DiCOu-K7.js?v=c4298eeb:47:10)
    at TooltipProvider (http://localhost:3301/node_modules/.vite/deps/tooltip-provider-DiCOu-K7.js?v=c4298eeb:605:28)
    at AppLayout (http://localhost:3301/src/container/AppLayout/index.tsx?t=1780855785264:65:231)
    at KeyboardHotkeysProvider (http://localhost:3301/src/hooks/hotkeys/useKeyboardHotkeys.tsx:38:43)
    at QueryBuilderProvider (http://localhost:3301/src/providers/QueryBuilder.tsx:59:40)
    at ResourceProvider (http://localhost:3301/src/hooks/useResourceAttribute/ResourceProvider.tsx:16:29)
    at PrivateRoute (http://localhost:3301/src/AppRoutes/Private.tsx?t=1780855785235:22:25)
    at ErrorModalProvider (http://localhost:3301/src/providers/ErrorModalProvider.tsx:8:38)
    at NotificationProvider (http://localhost:3301/src/hooks/useNotifications.tsx:16:40)
    at CmdKProvider (http://localhost:3301/src/providers/cmdKProvider.tsx:7:32)
    at RenderedRoute (http://localhost:3301/node_modules/.vite/deps/react-router-dom-v5-compat.js?v=64f22d6b:3339:8)
    at Routes (http://localhost:3301/node_modules/.vite/deps/react-router-dom-v5-compat.js?v=64f22d6b:3782:8)
    at Router (http://localhost:3301/node_modules/.vite/deps/react-router-dom-v5-compat.js?v=64f22d6b:3730:18)
    at CompatRouter (http://localhost:3301/node_modules/.vite/deps/react-router-dom-v5-compat.js?v=64f22d6b:5078:8)
    at Router$1 (http://localhost:3301/node_modules/.vite/deps/react-router-dom-HIPMGTKR.js?v=c4298eeb:458:32)
    at MotionWrapper (http://localhost:3301/node_modules/.vite/deps/breadcrumb-ziuFRNrW.js?v=c4298eeb:1298:10)
    at ProviderChildren (http://localhost:3301/node_modules/.vite/deps/breadcrumb-ziuFRNrW.js?v=c4298eeb:1386:10)
    at ConfigProvider (http://localhost:3301/node_modules/.vite/deps/breadcrumb-ziuFRNrW.js?v=c4298eeb:1525:31)
    at ErrorBoundary (http://localhost:3301/node_modules/.vite/deps/@sentry_react.js?v=3956919e:21848:3)
    at App (http://localhost:3301/src/AppRoutes/index.tsx?t=1780855785264:45:22)
    at AppProvider (http://localhost:3301/src/providers/App/App.tsx:30:31)
    at Provider (http://localhost:3301/node_modules/.vite/deps/es-owkMfox3.js?v=c4298eeb:134:19)
    at QueryClientProvider$1 (http://localhost:3301/node_modules/.vite/deps/react-query.js?v=5f7c6ffa:2279:20)
    at TimezoneProvider (http://localhost:3301/src/providers/Timezone.tsx:12:29)
    at ThemeProvider (http://localhost:3301/src/hooks/useDarkMode/index.tsx:34:33)
    at http://localhost:3301/node_modules/.vite/deps/compare-Br3z3FUS-DkRvluZo.js?v=c4298eeb:91:12
    at NuqsAdapter (http://localhost:3301/node_modules/.vite/deps/nuqs_adapters_react.js?v=e7e2f8ce:148:24)
    at r$1 (http://localhost:3301/node_modules/.vite/deps/react-helmet-async.js?v=69fb31d7:425:21) @ http://localhost:3301/node_modules/.vite/deps/react-dom-Cw4dxlaS.js?v=c4298eeb:447
